[INFO] Scanning for projects...
[WARNING] 
[WARNING] Some problems were encountered while building the effective model for com.end2endlogic:quantum-models:jar:1.2.1-SNAPSHOT
[WARNING] 'build.plugins.plugin.version' for org.apache.maven.plugins:maven-compiler-plugin is missing. @ line 99, column 21
[WARNING] 
[WARNING] Some problems were encountered while building the effective model for com.end2endlogic:quantum-framework:jar:1.2.1-SNAPSHOT
[WARNING] 'dependencies.dependency.(groupId:artifactId:type:classifier)' must be unique: io.quarkus:quarkus-container-image-docker:jar -> duplicate declaration of version (?) @ line 329, column 17
[WARNING] 'build.plugins.plugin.version' for org.apache.maven.plugins:maven-compiler-plugin is missing. @ com.end2endlogic:quantum-parent:1.2.1-SNAPSHOT, /Users/mingardia/dev/mrisys/end2endlogic/quantum/framework/pom.xml, line 135, column 21
[WARNING] 
[WARNING] Some problems were encountered while building the effective model for com.end2endlogic:quantum-parent:pom:1.2.1-SNAPSHOT
[WARNING] 'build.plugins.plugin.version' for org.apache.maven.plugins:maven-compiler-plugin is missing. @ line 135, column 21
[WARNING] 
[WARNING] It is highly recommended to fix these problems because they threaten the stability of your build.
[WARNING] 
[WARNING] For this reason, future Maven versions might no longer support building such malformed projects.
[WARNING] 
[INFO] Inspecting build with total of 3 modules
[INFO] Installing Central Publishing features
[INFO] ------------------------------------------------------------------------
[INFO] Reactor Build Order:
[INFO] 
[INFO] com.end2endlogic:quantum-parent                                    [pom]
[INFO] com.end2endlogic:quantum-models                                    [jar]
[INFO] com.end2endlogic:quantum-framework                                 [jar]
[WARNING] Ignoring incompatible plugin version 4.0.0-beta-2: The plugin org.apache.maven.plugins:maven-compiler-plugin:4.0.0-beta-2 requires Maven version 4.0.0-rc-2
[INFO] Latest version of plugin org.apache.maven.plugins:maven-compiler-plugin failed compatibility check
[INFO] Looking for compatible RELEASE version of plugin org.apache.maven.plugins:maven-compiler-plugin
[WARNING] Ignoring incompatible plugin version 4.0.0-beta-1: The plugin org.apache.maven.plugins:maven-compiler-plugin:4.0.0-beta-1 requires Maven version 4.0.0-beta-3
[INFO] Selected plugin org.apache.maven.plugins:maven-compiler-plugin:3.14.0
[INFO] 
[INFO] ------------------< com.end2endlogic:quantum-parent >-------------------
[INFO] Building com.end2endlogic:quantum-parent 1.2.1-SNAPSHOT            [1/3]
[INFO]   from pom.xml
[INFO] --------------------------------[ pom ]---------------------------------
[INFO] 
[INFO] --- dependency:3.7.0:tree (default-cli) @ quantum-parent ---
[INFO] com.end2endlogic:quantum-parent:pom:1.2.1-SNAPSHOT
[INFO] +- org.apache.commons:commons-text:jar:1.10.0:compile
[INFO] |  \- org.apache.commons:commons-lang3:jar:3.17.0:compile
[INFO] +- org.projectlombok:lombok:jar:1.18.34:provided
[INFO] +- org.jetbrains:annotations:jar:24.0.1:compile
[INFO] \- io.quarkus:quarkus-rest:jar:3.17.7:compile
[INFO]    +- io.quarkus:quarkus-rest-common:jar:3.17.7:compile
[INFO]    |  +- io.quarkus.resteasy.reactive:resteasy-reactive-common:jar:3.17.7:compile
[INFO]    |  |  +- io.quarkus.resteasy.reactive:resteasy-reactive-common-types:jar:3.17.7:compile
[INFO]    |  |  +- io.smallrye.reactive:mutiny:jar:2.6.2:compile
[INFO]    |  |  |  \- org.jctools:jctools-core:jar:4.0.5:compile
[INFO]    |  |  +- org.reactivestreams:reactive-streams:jar:1.0.4:compile
[INFO]    |  |  +- io.smallrye.reactive:mutiny-zero-flow-adapters:jar:1.1.0:compile
[INFO]    |  |  \- io.smallrye.common:smallrye-common-annotation:jar:2.9.0:compile
[INFO]    |  +- io.quarkus:quarkus-mutiny:jar:3.17.7:compile
[INFO]    |  |  +- io.quarkus:quarkus-smallrye-context-propagation:jar:3.17.7:compile
[INFO]    |  |  |  \- io.smallrye:smallrye-context-propagation:jar:2.1.2:compile
[INFO]    |  |  |     +- org.eclipse.microprofile.config:microprofile-config-api:jar:3.1:compile
[INFO]    |  |  |     +- io.smallrye:smallrye-context-propagation-api:jar:2.1.2:compile
[INFO]    |  |  |     \- io.smallrye:smallrye-context-propagation-storage:jar:2.1.2:compile
[INFO]    |  |  \- io.smallrye.reactive:mutiny-smallrye-context-propagation:jar:2.6.2:compile
[INFO]    |  \- io.quarkus:quarkus-vertx:jar:3.17.7:compile
[INFO]    |     +- io.quarkus:quarkus-netty:jar:3.17.7:compile
[INFO]    |     |  \- io.netty:netty-codec:jar:4.1.115.Final:compile
[INFO]    |     +- io.netty:netty-codec-haproxy:jar:4.1.115.Final:compile
[INFO]    |     +- io.quarkus:quarkus-vertx-latebound-mdc-provider:jar:3.17.7:compile
[INFO]    |     \- io.smallrye:smallrye-fault-tolerance-vertx:jar:6.6.3:compile
[INFO]    +- io.quarkus.resteasy.reactive:resteasy-reactive-vertx:jar:3.17.7:compile
[INFO]    |  +- io.vertx:vertx-web:jar:4.5.11:compile
[INFO]    |  |  +- io.vertx:vertx-web-common:jar:4.5.11:compile
[INFO]    |  |  +- io.vertx:vertx-auth-common:jar:4.5.11:compile
[INFO]    |  |  \- io.vertx:vertx-bridge-common:jar:4.5.11:compile
[INFO]    |  +- io.smallrye.reactive:smallrye-mutiny-vertx-core:jar:3.16.0:compile
[INFO]    |  |  +- io.smallrye.reactive:smallrye-mutiny-vertx-runtime:jar:3.16.0:compile
[INFO]    |  |  \- io.smallrye.reactive:vertx-mutiny-generator:jar:3.16.0:compile
[INFO]    |  |     \- io.vertx:vertx-codegen:jar:4.5.11:compile
[INFO]    |  +- io.quarkus.resteasy.reactive:resteasy-reactive:jar:3.17.7:compile
[INFO]    |  +- io.quarkus.vertx.utils:quarkus-vertx-utils:jar:3.17.7:compile
[INFO]    |  +- jakarta.enterprise:jakarta.enterprise.cdi-api:jar:4.1.0:compile
[INFO]    |  |  +- jakarta.enterprise:jakarta.enterprise.lang-model:jar:4.1.0:compile
[INFO]    |  |  +- jakarta.el:jakarta.el-api:jar:5.0.1:compile
[INFO]    |  |  +- jakarta.interceptor:jakarta.interceptor-api:jar:2.2.0:compile
[INFO]    |  |  \- jakarta.inject:jakarta.inject-api:jar:2.0.1:compile
[INFO]    |  +- jakarta.ws.rs:jakarta.ws.rs-api:jar:3.1.0:compile
[INFO]    |  +- jakarta.annotation:jakarta.annotation-api:jar:3.0.0:compile
[INFO]    |  +- org.jboss.logging:commons-logging-jboss-logging:jar:1.0.0.Final:compile
[INFO]    |  +- jakarta.xml.bind:jakarta.xml.bind-api:jar:4.0.2:compile
[INFO]    |  |  \- jakarta.activation:jakarta.activation-api:jar:2.1.3:compile
[INFO]    |  \- org.jboss.logging:jboss-logging:jar:3.6.1.Final:compile
[INFO]    +- io.quarkus:quarkus-vertx-http:jar:3.17.7:compile
[INFO]    |  +- io.quarkus:quarkus-core:jar:3.17.7:compile
[INFO]    |  |  +- io.smallrye.common:smallrye-common-os:jar:2.9.0:compile
[INFO]    |  |  +- io.quarkus:quarkus-ide-launcher:jar:3.17.7:compile
[INFO]    |  |  +- io.quarkus:quarkus-development-mode-spi:jar:3.17.7:compile
[INFO]    |  |  +- io.smallrye.config:smallrye-config:jar:3.10.2:compile
[INFO]    |  |  |  \- io.smallrye.config:smallrye-config-core:jar:3.10.2:compile
[INFO]    |  |  |     +- io.smallrye.common:smallrye-common-classloader:jar:2.9.0:compile
[INFO]    |  |  |     \- io.smallrye.config:smallrye-config-common:jar:3.10.2:compile
[INFO]    |  |  +- org.jboss.logmanager:jboss-logmanager:jar:3.1.1.Final:compile
[INFO]    |  |  |  +- io.smallrye.common:smallrye-common-cpu:jar:2.9.0:compile
[INFO]    |  |  |  +- io.smallrye.common:smallrye-common-expression:jar:2.9.0:compile
[INFO]    |  |  |  +- io.smallrye.common:smallrye-common-net:jar:2.9.0:compile
[INFO]    |  |  |  \- io.smallrye.common:smallrye-common-ref:jar:2.9.0:compile
[INFO]    |  |  +- org.jboss.logging:jboss-logging-annotations:jar:3.0.2.Final:compile
[INFO]    |  |  +- org.jboss.threads:jboss-threads:jar:3.8.0.Final:compile
[INFO]    |  |  |  \- io.smallrye.common:smallrye-common-function:jar:2.9.0:compile
[INFO]    |  |  +- org.slf4j:slf4j-api:jar:2.0.6:compile
[INFO]    |  |  +- org.jboss.slf4j:slf4j-jboss-logmanager:jar:2.0.0.Final:compile
[INFO]    |  |  +- org.wildfly.common:wildfly-common:jar:1.7.0.Final:compile
[INFO]    |  |  +- io.quarkus:quarkus-bootstrap-runner:jar:3.17.7:compile
[INFO]    |  |  |  +- io.quarkus:quarkus-classloader-commons:jar:3.17.7:compile
[INFO]    |  |  |  \- io.smallrye.common:smallrye-common-io:jar:2.9.0:compile
[INFO]    |  |  \- io.quarkus:quarkus-fs-util:jar:0.0.10:compile
[INFO]    |  +- io.quarkus:quarkus-security-runtime-spi:jar:3.17.7:compile
[INFO]    |  +- io.quarkus:quarkus-tls-registry:jar:3.17.7:compile
[INFO]    |  +- io.quarkus:quarkus-credentials:jar:3.17.7:compile
[INFO]    |  |  \- io.quarkus.arc:arc:jar:3.17.7:compile
[INFO]    |  |     \- jakarta.transaction:jakarta.transaction-api:jar:2.0.1:compile
[INFO]    |  +- io.smallrye.common:smallrye-common-vertx-context:jar:2.9.0:compile
[INFO]    |  |  \- io.smallrye.common:smallrye-common-constraint:jar:2.9.0:compile
[INFO]    |  +- io.quarkus.security:quarkus-security:jar:2.2.0:compile
[INFO]    |  +- io.smallrye.reactive:smallrye-mutiny-vertx-web:jar:3.16.0:compile
[INFO]    |  |  +- io.smallrye.reactive:smallrye-mutiny-vertx-web-common:jar:3.16.0:compile
[INFO]    |  |  +- io.smallrye.reactive:smallrye-mutiny-vertx-auth-common:jar:3.16.0:compile
[INFO]    |  |  +- io.smallrye.reactive:smallrye-mutiny-vertx-bridge-common:jar:3.16.0:compile
[INFO]    |  |  \- io.smallrye.reactive:smallrye-mutiny-vertx-uri-template:jar:3.16.0:compile
[INFO]    |  |     \- io.vertx:vertx-uri-template:jar:4.5.11:compile
[INFO]    |  +- io.github.crac:org-crac:jar:0.1.3:compile
[INFO]    |  \- com.aayushatharva.brotli4j:brotli4j:jar:1.16.0:compile
[INFO]    |     +- com.aayushatharva.brotli4j:service:jar:1.16.0:compile
[INFO]    |     \- com.aayushatharva.brotli4j:native-osx-aarch64:jar:1.16.0:compile
[INFO]    +- io.quarkus:quarkus-jsonp:jar:3.17.7:compile
[INFO]    |  \- org.eclipse.parsson:parsson:jar:1.1.7:compile
[INFO]    |     \- jakarta.json:jakarta.json-api:jar:2.1.3:compile
[INFO]    \- io.quarkus:quarkus-virtual-threads:jar:3.17.7:compile
[INFO]       +- io.quarkus:quarkus-arc:jar:3.17.7:compile
[INFO]       |  \- org.eclipse.microprofile.context-propagation:microprofile-context-propagation-api:jar:1.3:compile
[INFO]       \- io.vertx:vertx-core:jar:4.5.11:compile
[INFO]          +- io.netty:netty-common:jar:4.1.115.Final:compile
[INFO]          +- io.netty:netty-buffer:jar:4.1.115.Final:compile
[INFO]          +- io.netty:netty-transport:jar:4.1.115.Final:compile
[INFO]          +- io.netty:netty-handler:jar:4.1.115.Final:compile
[INFO]          |  \- io.netty:netty-transport-native-unix-common:jar:4.1.115.Final:compile
[INFO]          +- io.netty:netty-handler-proxy:jar:4.1.115.Final:compile
[INFO]          |  \- io.netty:netty-codec-socks:jar:4.1.115.Final:compile
[INFO]          +- io.netty:netty-codec-http:jar:4.1.115.Final:compile
[INFO]          +- io.netty:netty-codec-http2:jar:4.1.115.Final:compile
[INFO]          +- io.netty:netty-resolver:jar:4.1.115.Final:compile
[INFO]          +- io.netty:netty-resolver-dns:jar:4.1.115.Final:compile
[INFO]          |  \- io.netty:netty-codec-dns:jar:4.1.115.Final:compile
[INFO]          \- com.fasterxml.jackson.core:jackson-core:jar:2.18.2:compile
[INFO] 
[INFO] ------------------< com.end2endlogic:quantum-models >-------------------
[INFO] Building com.end2endlogic:quantum-models 1.2.1-SNAPSHOT            [2/3]
[INFO]   from models/pom.xml
[INFO] --------------------------------[ jar ]---------------------------------
[INFO] 
[INFO] --- dependency:3.7.0:tree (default-cli) @ quantum-models ---
[INFO] com.end2endlogic:quantum-models:jar:1.2.1-SNAPSHOT
[INFO] +- com.end2endlogic:morphia-core:jar:3.0.0:compile
[INFO] |  +- io.smallrye.config:smallrye-config:jar:3.10.2:compile
[INFO] |  |  \- io.smallrye.config:smallrye-config-core:jar:3.10.2:compile
[INFO] |  |     \- io.smallrye.config:smallrye-config-common:jar:3.10.2:compile
[INFO] |  +- org.mongodb:mongodb-driver-sync:jar:5.2.1:compile
[INFO] |  |  +- org.mongodb:bson:jar:5.2.1:compile
[INFO] |  |  \- org.mongodb:mongodb-driver-core:jar:5.2.1:compile
[INFO] |  |     \- org.mongodb:bson-record-codec:jar:5.2.1:runtime
[INFO] |  +- org.mongodb:mongodb-driver-legacy:jar:5.2.1:compile
[INFO] |  +- io.github.classgraph:classgraph:jar:4.8.179:compile
[INFO] |  +- net.bytebuddy:byte-buddy:jar:1.14.18:compile
[INFO] |  +- org.slf4j:slf4j-api:jar:2.0.6:compile
[INFO] |  +- com.github.spotbugs:spotbugs-annotations:jar:4.8.6:compile
[INFO] |  |  \- com.google.code.findbugs:jsr305:jar:3.0.2:compile
[INFO] |  +- org.semver4j:semver4j:jar:5.3.0:compile
[INFO] |  \- org.jsoup:jsoup:jar:1.18.1:compile
[INFO] +- io.quarkus:quarkus-hibernate-validator:jar:3.17.7:compile
[INFO] |  +- io.quarkus:quarkus-arc:jar:3.17.7:compile
[INFO] |  |  +- io.quarkus.arc:arc:jar:3.17.7:compile
[INFO] |  |  |  +- jakarta.transaction:jakarta.transaction-api:jar:2.0.1:compile
[INFO] |  |  |  \- io.smallrye.reactive:mutiny:jar:2.6.2:compile
[INFO] |  |  |     \- org.jctools:jctools-core:jar:4.0.5:compile
[INFO] |  |  \- org.eclipse.microprofile.context-propagation:microprofile-context-propagation-api:jar:1.3:compile
[INFO] |  +- org.hibernate.validator:hibernate-validator:jar:8.0.2.Final:compile
[INFO] |  |  +- jakarta.validation:jakarta.validation-api:jar:3.0.2:compile
[INFO] |  |  \- com.fasterxml:classmate:jar:1.7.0:compile
[INFO] |  +- org.glassfish.expressly:expressly:jar:5.0.0:compile
[INFO] |  |  \- jakarta.el:jakarta.el-api:jar:5.0.1:compile
[INFO] |  +- io.smallrye.config:smallrye-config-validator:jar:3.10.2:compile
[INFO] |  \- jakarta.ws.rs:jakarta.ws.rs-api:jar:3.1.0:compile
[INFO] +- io.quarkus:quarkus-junit5:jar:3.17.7:test
[INFO] |  +- io.quarkus:quarkus-bootstrap-core:jar:3.17.7:test
[INFO] |  |  +- io.quarkus:quarkus-classloader-commons:jar:3.17.7:compile
[INFO] |  |  +- io.quarkus:quarkus-bootstrap-app-model:jar:3.17.7:test
[INFO] |  |  \- io.smallrye.common:smallrye-common-io:jar:2.9.0:compile
[INFO] |  +- org.eclipse.sisu:org.eclipse.sisu.inject:jar:0.9.0.M3:test
[INFO] |  +- io.quarkus:quarkus-test-common:jar:3.17.7:test
[INFO] |  |  +- io.quarkus:quarkus-core-deployment:jar:3.17.7:test
[INFO] |  |  |  +- org.aesh:readline:jar:2.6:test
[INFO] |  |  |  |  \- org.fusesource.jansi:jansi:jar:2.4.0:test
[INFO] |  |  |  +- org.aesh:aesh:jar:2.8.2:test
[INFO] |  |  |  +- io.quarkus.gizmo:gizmo:jar:1.8.0:test
[INFO] |  |  |  |  \- org.ow2.asm:asm-util:jar:9.7.1:test
[INFO] |  |  |  |     \- org.ow2.asm:asm-analysis:jar:9.7.1:test
[INFO] |  |  |  +- org.ow2.asm:asm:jar:9.7.1:test
[INFO] |  |  |  +- org.ow2.asm:asm-commons:jar:9.7.1:test
[INFO] |  |  |  |  \- org.ow2.asm:asm-tree:jar:9.7.1:test
[INFO] |  |  |  +- io.quarkus:quarkus-hibernate-validator-spi:jar:3.17.7:test
[INFO] |  |  |  +- io.quarkus:quarkus-class-change-agent:jar:3.17.7:test
[INFO] |  |  |  +- io.quarkus:quarkus-devtools-utilities:jar:3.17.7:test
[INFO] |  |  |  +- io.quarkus:quarkus-builder:jar:3.17.7:test
[INFO] |  |  |  +- org.graalvm.sdk:nativeimage:jar:23.1.2:test
[INFO] |  |  |  |  \- org.graalvm.sdk:word:jar:23.1.2:test
[INFO] |  |  |  \- org.junit.platform:junit-platform-launcher:jar:1.10.5:test
[INFO] |  |  +- io.quarkus:quarkus-bootstrap-maven-resolver:jar:3.17.7:test
[INFO] |  |  |  +- io.smallrye.beanbag:smallrye-beanbag-maven:jar:1.5.2:test
[INFO] |  |  |  |  +- io.smallrye.beanbag:smallrye-beanbag-sisu:jar:1.5.2:test
[INFO] |  |  |  |  |  \- io.smallrye.beanbag:smallrye-beanbag:jar:1.5.2:test
[INFO] |  |  |  |  +- commons-codec:commons-codec:jar:1.17.2:test
[INFO] |  |  |  |  +- javax.inject:javax.inject:jar:1:test
[INFO] |  |  |  |  +- org.apache.httpcomponents:httpclient:jar:4.5.14:test
[INFO] |  |  |  |  +- org.apache.httpcomponents:httpcore:jar:4.4.16:test
[INFO] |  |  |  |  +- org.apache.maven:maven-artifact:jar:3.9.9:test
[INFO] |  |  |  |  +- org.apache.maven:maven-builder-support:jar:3.9.9:test
[INFO] |  |  |  |  +- org.apache.maven:maven-model:jar:3.9.9:test
[INFO] |  |  |  |  +- org.apache.maven:maven-model-builder:jar:3.9.9:test
[INFO] |  |  |  |  +- org.apache.maven:maven-repository-metadata:jar:3.9.9:test
[INFO] |  |  |  |  +- org.apache.maven:maven-settings:jar:3.9.9:test
[INFO] |  |  |  |  +- org.apache.maven.resolver:maven-resolver-api:jar:1.9.22:test
[INFO] |  |  |  |  +- org.apache.maven.resolver:maven-resolver-impl:jar:1.9.22:test
[INFO] |  |  |  |  |  \- org.apache.maven.resolver:maven-resolver-named-locks:jar:1.9.22:test
[INFO] |  |  |  |  +- org.apache.maven.resolver:maven-resolver-spi:jar:1.9.22:test
[INFO] |  |  |  |  +- org.apache.maven.resolver:maven-resolver-util:jar:1.9.22:test
[INFO] |  |  |  |  +- org.apache.maven.resolver:maven-resolver-transport-http:jar:1.9.20:test
[INFO] |  |  |  |  +- org.apache.maven.wagon:wagon-provider-api:jar:3.5.3:test
[INFO] |  |  |  |  +- org.apache.maven.wagon:wagon-http-shared:jar:3.5.3:test
[INFO] |  |  |  |  +- org.codehaus.plexus:plexus-interpolation:jar:1.26:test
[INFO] |  |  |  |  +- org.codehaus.plexus:plexus-utils:jar:3.5.1:test
[INFO] |  |  |  |  +- org.codehaus.plexus:plexus-xml:jar:4.0.1:test
[INFO] |  |  |  |  |  \- org.apache.maven:maven-xml-impl:jar:4.0.0-alpha-5:test
[INFO] |  |  |  |  |     \- org.apache.maven:maven-api-xml:jar:4.0.0-alpha-5:test
[INFO] |  |  |  |  |        \- org.apache.maven:maven-api-meta:jar:4.0.0-alpha-5:test
[INFO] |  |  |  |  +- org.codehaus.plexus:plexus-cipher:jar:2.0:test
[INFO] |  |  |  |  \- org.codehaus.plexus:plexus-sec-dispatcher:jar:2.0:test
[INFO] |  |  |  +- org.apache.maven:maven-embedder:jar:3.9.9:test
[INFO] |  |  |  |  +- org.apache.maven:maven-core:jar:3.9.9:test
[INFO] |  |  |  |  |  \- org.codehaus.plexus:plexus-component-annotations:jar:2.1.0:test
[INFO] |  |  |  |  +- org.apache.maven:maven-plugin-api:jar:3.9.9:test
[INFO] |  |  |  |  +- org.apache.maven.shared:maven-shared-utils:jar:3.4.2:test
[INFO] |  |  |  |  +- com.google.inject:guice:jar:5.1.0:test
[INFO] |  |  |  |  |  \- aopalliance:aopalliance:jar:1.0:test
[INFO] |  |  |  |  +- com.google.guava:guava:jar:33.3.1-jre:test
[INFO] |  |  |  |  +- com.google.guava:failureaccess:jar:1.0.1:test
[INFO] |  |  |  |  +- javax.annotation:javax.annotation-api:jar:1.3.2:test
[INFO] |  |  |  |  +- org.codehaus.plexus:plexus-classworlds:jar:2.6.0:test
[INFO] |  |  |  |  \- commons-cli:commons-cli:jar:1.8.0:test
[INFO] |  |  |  +- org.eclipse.sisu:org.eclipse.sisu.plexus:jar:0.9.0.M3:test
[INFO] |  |  |  +- org.apache.maven:maven-settings-builder:jar:3.9.9:test
[INFO] |  |  |  +- org.apache.maven:maven-resolver-provider:jar:3.9.9:test
[INFO] |  |  |  +- org.apache.maven.resolver:maven-resolver-connector-basic:jar:1.9.22:test
[INFO] |  |  |  +- org.apache.maven.resolver:maven-resolver-transport-wagon:jar:1.9.22:test
[INFO] |  |  |  +- org.apache.maven.wagon:wagon-http:jar:3.5.3:test
[INFO] |  |  |  \- org.apache.maven.wagon:wagon-file:jar:3.5.3:test
[INFO] |  |  +- io.quarkus:quarkus-bootstrap-gradle-resolver:jar:3.17.7:test
[INFO] |  |  +- io.smallrye:jandex:jar:3.2.3:compile
[INFO] |  |  +- commons-io:commons-io:jar:2.17.0:test
[INFO] |  |  \- org.jboss.logging:commons-logging-jboss-logging:jar:1.0.0.Final:compile
[INFO] |  +- io.quarkus:quarkus-junit5-properties:jar:3.17.7:test
[INFO] |  +- org.junit.jupiter:junit-jupiter:jar:5.10.5:test
[INFO] |  |  +- org.junit.jupiter:junit-jupiter-params:jar:5.10.5:test
[INFO] |  |  \- org.junit.jupiter:junit-jupiter-engine:jar:5.10.5:test
[INFO] |  |     \- org.junit.platform:junit-platform-engine:jar:1.10.5:test
[INFO] |  \- org.jboss.marshalling:jboss-marshalling:jar:2.2.1.Final:test
[INFO] +- io.quarkus:quarkus-smallrye-openapi:jar:3.17.7:compile
[INFO] |  +- io.smallrye:smallrye-open-api-core:jar:4.0.6:compile
[INFO] |  |  +- org.eclipse.microprofile.openapi:microprofile-openapi-api:jar:4.0.2:compile
[INFO] |  |  +- org.eclipse.microprofile.config:microprofile-config-api:jar:3.1:compile
[INFO] |  |  +- io.smallrye:smallrye-open-api-model:jar:4.0.6:compile
[INFO] |  |  \- io.smallrye.common:smallrye-common-classloader:jar:2.9.0:compile
[INFO] |  +- io.quarkus:quarkus-vertx-http:jar:3.17.7:compile
[INFO] |  |  +- io.quarkus:quarkus-security-runtime-spi:jar:3.17.7:compile
[INFO] |  |  +- io.quarkus:quarkus-tls-registry:jar:3.17.7:compile
[INFO] |  |  +- io.quarkus:quarkus-credentials:jar:3.17.7:compile
[INFO] |  |  +- io.quarkus:quarkus-mutiny:jar:3.17.7:compile
[INFO] |  |  |  +- io.quarkus:quarkus-smallrye-context-propagation:jar:3.17.7:compile
[INFO] |  |  |  |  \- io.smallrye:smallrye-context-propagation:jar:2.1.2:compile
[INFO] |  |  |  |     +- io.smallrye:smallrye-context-propagation-api:jar:2.1.2:compile
[INFO] |  |  |  |     \- io.smallrye:smallrye-context-propagation-storage:jar:2.1.2:compile
[INFO] |  |  |  \- io.smallrye.reactive:mutiny-smallrye-context-propagation:jar:2.6.2:compile
[INFO] |  |  +- io.smallrye.common:smallrye-common-vertx-context:jar:2.9.0:compile
[INFO] |  |  +- io.quarkus.security:quarkus-security:jar:2.2.0:compile
[INFO] |  |  +- io.quarkus:quarkus-vertx:jar:3.17.7:compile
[INFO] |  |  |  +- io.quarkus:quarkus-netty:jar:3.17.7:compile
[INFO] |  |  |  |  \- io.netty:netty-codec:jar:4.1.115.Final:compile
[INFO] |  |  |  +- io.netty:netty-codec-haproxy:jar:4.1.115.Final:compile
[INFO] |  |  |  +- io.quarkus:quarkus-vertx-latebound-mdc-provider:jar:3.17.7:compile
[INFO] |  |  |  \- io.smallrye:smallrye-fault-tolerance-vertx:jar:6.6.3:compile
[INFO] |  |  +- io.smallrye.reactive:smallrye-mutiny-vertx-web:jar:3.16.0:compile
[INFO] |  |  |  +- io.smallrye.reactive:smallrye-mutiny-vertx-web-common:jar:3.16.0:compile
[INFO] |  |  |  +- io.smallrye.reactive:smallrye-mutiny-vertx-auth-common:jar:3.16.0:compile
[INFO] |  |  |  +- io.smallrye.reactive:smallrye-mutiny-vertx-bridge-common:jar:3.16.0:compile
[INFO] |  |  |  \- io.smallrye.reactive:smallrye-mutiny-vertx-uri-template:jar:3.16.0:compile
[INFO] |  |  |     \- io.vertx:vertx-uri-template:jar:4.5.11:compile
[INFO] |  |  +- io.vertx:vertx-web:jar:4.5.11:compile
[INFO] |  |  |  +- io.vertx:vertx-web-common:jar:4.5.11:compile
[INFO] |  |  |  +- io.vertx:vertx-auth-common:jar:4.5.11:compile
[INFO] |  |  |  \- io.vertx:vertx-bridge-common:jar:4.5.11:compile
[INFO] |  |  +- io.github.crac:org-crac:jar:0.1.3:compile
[INFO] |  |  \- com.aayushatharva.brotli4j:brotli4j:jar:1.16.0:compile
[INFO] |  |     +- com.aayushatharva.brotli4j:service:jar:1.16.0:compile
[INFO] |  |     \- com.aayushatharva.brotli4j:native-osx-aarch64:jar:1.16.0:compile
[INFO] |  \- io.quarkus:quarkus-swagger-ui:jar:3.17.7:compile
[INFO] +- org.projectlombok:lombok:jar:1.18.34:compile
[INFO] +- io.quarkus:quarkus-core:jar:3.17.7:compile
[INFO] |  +- jakarta.annotation:jakarta.annotation-api:jar:3.0.0:compile
[INFO] |  +- jakarta.enterprise:jakarta.enterprise.cdi-api:jar:4.1.0:compile
[INFO] |  |  +- jakarta.enterprise:jakarta.enterprise.lang-model:jar:4.1.0:compile
[INFO] |  |  \- jakarta.interceptor:jakarta.interceptor-api:jar:2.2.0:compile
[INFO] |  +- jakarta.inject:jakarta.inject-api:jar:2.0.1:compile
[INFO] |  +- io.smallrye.common:smallrye-common-os:jar:2.9.0:compile
[INFO] |  +- io.quarkus:quarkus-ide-launcher:jar:3.17.7:compile
[INFO] |  +- io.quarkus:quarkus-development-mode-spi:jar:3.17.7:compile
[INFO] |  +- org.jboss.logging:jboss-logging:jar:3.6.1.Final:compile
[INFO] |  +- org.jboss.logmanager:jboss-logmanager:jar:3.1.1.Final:compile
[INFO] |  |  +- io.smallrye.common:smallrye-common-constraint:jar:2.9.0:compile
[INFO] |  |  +- io.smallrye.common:smallrye-common-cpu:jar:2.9.0:compile
[INFO] |  |  +- io.smallrye.common:smallrye-common-expression:jar:2.9.0:compile
[INFO] |  |  +- io.smallrye.common:smallrye-common-net:jar:2.9.0:compile
[INFO] |  |  +- io.smallrye.common:smallrye-common-ref:jar:2.9.0:compile
[INFO] |  |  +- jakarta.json:jakarta.json-api:jar:2.1.3:compile
[INFO] |  |  \- org.eclipse.parsson:parsson:jar:1.1.7:compile
[INFO] |  +- org.jboss.logging:jboss-logging-annotations:jar:3.0.2.Final:compile
[INFO] |  +- org.jboss.threads:jboss-threads:jar:3.8.0.Final:compile
[INFO] |  |  +- io.smallrye.common:smallrye-common-annotation:jar:2.9.0:compile
[INFO] |  |  \- io.smallrye.common:smallrye-common-function:jar:2.9.0:compile
[INFO] |  +- org.jboss.slf4j:slf4j-jboss-logmanager:jar:2.0.0.Final:compile
[INFO] |  +- org.wildfly.common:wildfly-common:jar:1.7.0.Final:compile
[INFO] |  +- io.quarkus:quarkus-bootstrap-runner:jar:3.17.7:compile
[INFO] |  \- io.quarkus:quarkus-fs-util:jar:0.0.10:compile
[INFO] +- org.antlr:antlr4:jar:4.13.2:compile
[INFO] |  +- org.antlr:antlr-runtime:jar:3.5.3:compile
[INFO] |  +- org.antlr:ST4:jar:4.3.4:compile
[INFO] |  +- org.abego.treelayout:org.abego.treelayout.core:jar:1.0.3:compile
[INFO] |  \- com.ibm.icu:icu4j:jar:72.1:compile
[INFO] +- org.antlr:antlr4-runtime:jar:4.13.2:compile
[INFO] +- com.fasterxml.jackson.dataformat:jackson-dataformat-yaml:jar:2.18.2:compile
[INFO] |  +- com.fasterxml.jackson.core:jackson-databind:jar:2.18.2:compile
[INFO] |  |  \- com.fasterxml.jackson.core:jackson-annotations:jar:2.18.2:compile
[INFO] |  +- org.yaml:snakeyaml:jar:2.3:compile
[INFO] |  \- com.fasterxml.jackson.core:jackson-core:jar:2.18.2:compile
[INFO] +- org.junit.jupiter:junit-jupiter-api:jar:5.10.5:test
[INFO] |  +- org.opentest4j:opentest4j:jar:1.3.0:test
[INFO] |  +- org.junit.platform:junit-platform-commons:jar:1.10.5:test
[INFO] |  \- org.apiguardian:apiguardian-api:jar:1.1.2:test
[INFO] +- org.apache.commons:commons-text:jar:1.10.0:compile
[INFO] |  \- org.apache.commons:commons-lang3:jar:3.17.0:compile
[INFO] +- org.jetbrains:annotations:jar:24.0.1:compile
[INFO] \- io.quarkus:quarkus-rest:jar:3.17.7:compile
[INFO]    +- io.quarkus:quarkus-rest-common:jar:3.17.7:compile
[INFO]    |  \- io.quarkus.resteasy.reactive:resteasy-reactive-common:jar:3.17.7:compile
[INFO]    |     +- io.quarkus.resteasy.reactive:resteasy-reactive-common-types:jar:3.17.7:compile
[INFO]    |     +- org.reactivestreams:reactive-streams:jar:1.0.4:compile
[INFO]    |     \- io.smallrye.reactive:mutiny-zero-flow-adapters:jar:1.1.0:compile
[INFO]    +- io.quarkus.resteasy.reactive:resteasy-reactive-vertx:jar:3.17.7:compile
[INFO]    |  +- io.smallrye.reactive:smallrye-mutiny-vertx-core:jar:3.16.0:compile
[INFO]    |  |  +- io.smallrye.reactive:smallrye-mutiny-vertx-runtime:jar:3.16.0:compile
[INFO]    |  |  \- io.smallrye.reactive:vertx-mutiny-generator:jar:3.16.0:compile
[INFO]    |  |     \- io.vertx:vertx-codegen:jar:4.5.11:compile
[INFO]    |  +- io.quarkus.resteasy.reactive:resteasy-reactive:jar:3.17.7:compile
[INFO]    |  +- io.quarkus.vertx.utils:quarkus-vertx-utils:jar:3.17.7:compile
[INFO]    |  \- jakarta.xml.bind:jakarta.xml.bind-api:jar:4.0.2:compile
[INFO]    |     \- jakarta.activation:jakarta.activation-api:jar:2.1.3:compile
[INFO]    +- io.quarkus:quarkus-jsonp:jar:3.17.7:compile
[INFO]    \- io.quarkus:quarkus-virtual-threads:jar:3.17.7:compile
[INFO]       \- io.vertx:vertx-core:jar:4.5.11:compile
[INFO]          +- io.netty:netty-common:jar:4.1.115.Final:compile
[INFO]          +- io.netty:netty-buffer:jar:4.1.115.Final:compile
[INFO]          +- io.netty:netty-transport:jar:4.1.115.Final:compile
[INFO]          +- io.netty:netty-handler:jar:4.1.115.Final:compile
[INFO]          |  \- io.netty:netty-transport-native-unix-common:jar:4.1.115.Final:compile
[INFO]          +- io.netty:netty-handler-proxy:jar:4.1.115.Final:compile
[INFO]          |  \- io.netty:netty-codec-socks:jar:4.1.115.Final:compile
[INFO]          +- io.netty:netty-codec-http:jar:4.1.115.Final:compile
[INFO]          +- io.netty:netty-codec-http2:jar:4.1.115.Final:compile
[INFO]          +- io.netty:netty-resolver:jar:4.1.115.Final:compile
[INFO]          \- io.netty:netty-resolver-dns:jar:4.1.115.Final:compile
[INFO]             \- io.netty:netty-codec-dns:jar:4.1.115.Final:compile
[INFO] 
[INFO] -----------------< com.end2endlogic:quantum-framework >-----------------
[INFO] Building com.end2endlogic:quantum-framework 1.2.1-SNAPSHOT         [3/3]
[INFO]   from framework/pom.xml
[INFO] --------------------------------[ jar ]---------------------------------
[INFO] 
[INFO] --- dependency:3.7.0:tree (default-cli) @ quantum-framework ---
[INFO] com.end2endlogic:quantum-framework:jar:1.2.1-SNAPSHOT
[INFO] +- io.quarkus:quarkus-arc:jar:3.17.7:compile
[INFO] |  +- io.quarkus.arc:arc:jar:3.17.7:compile
[INFO] |  |  +- jakarta.transaction:jakarta.transaction-api:jar:2.0.1:compile
[INFO] |  |  +- io.smallrye.reactive:mutiny:jar:2.6.2:compile
[INFO] |  |  |  \- org.jctools:jctools-core:jar:4.0.5:compile
[INFO] |  |  \- org.jboss.logging:jboss-logging:jar:3.6.1.Final:compile
[INFO] |  +- io.quarkus:quarkus-core:jar:3.17.7:compile
[INFO] |  |  +- jakarta.inject:jakarta.inject-api:jar:2.0.1:compile
[INFO] |  |  +- io.smallrye.common:smallrye-common-os:jar:2.9.0:compile
[INFO] |  |  +- io.quarkus:quarkus-ide-launcher:jar:3.17.7:compile
[INFO] |  |  +- io.quarkus:quarkus-development-mode-spi:jar:3.17.7:compile
[INFO] |  |  +- io.smallrye.config:smallrye-config:jar:3.10.2:compile
[INFO] |  |  |  \- io.smallrye.config:smallrye-config-core:jar:3.10.2:compile
[INFO] |  |  |     \- io.smallrye.config:smallrye-config-common:jar:3.10.2:compile
[INFO] |  |  +- org.jboss.logmanager:jboss-logmanager:jar:3.1.1.Final:compile
[INFO] |  |  |  +- io.smallrye.common:smallrye-common-constraint:jar:2.9.0:compile
[INFO] |  |  |  +- io.smallrye.common:smallrye-common-cpu:jar:2.9.0:compile
[INFO] |  |  |  +- io.smallrye.common:smallrye-common-expression:jar:2.9.0:compile
[INFO] |  |  |  +- io.smallrye.common:smallrye-common-net:jar:2.9.0:compile
[INFO] |  |  |  +- io.smallrye.common:smallrye-common-ref:jar:2.9.0:compile
[INFO] |  |  |  \- jakarta.json:jakarta.json-api:jar:2.1.3:compile
[INFO] |  |  +- org.jboss.logging:jboss-logging-annotations:jar:3.0.2.Final:compile
[INFO] |  |  +- org.jboss.threads:jboss-threads:jar:3.8.0.Final:compile
[INFO] |  |  |  \- io.smallrye.common:smallrye-common-function:jar:2.9.0:compile
[INFO] |  |  +- org.wildfly.common:wildfly-common:jar:1.7.0.Final:compile
[INFO] |  |  +- io.quarkus:quarkus-bootstrap-runner:jar:3.17.7:compile
[INFO] |  |  \- io.quarkus:quarkus-fs-util:jar:0.0.10:compile
[INFO] |  \- org.eclipse.microprofile.context-propagation:microprofile-context-propagation-api:jar:1.3:compile
[INFO] +- io.quarkus:quarkus-resteasy:jar:3.17.7:compile
[INFO] |  +- io.quarkus:quarkus-vertx-http:jar:3.17.7:compile
[INFO] |  |  +- io.quarkus:quarkus-tls-registry:jar:3.17.7:compile
[INFO] |  |  +- io.quarkus:quarkus-credentials:jar:3.17.7:compile
[INFO] |  |  +- io.quarkus:quarkus-mutiny:jar:3.17.7:compile
[INFO] |  |  |  +- io.quarkus:quarkus-smallrye-context-propagation:jar:3.17.7:compile
[INFO] |  |  |  |  \- io.smallrye:smallrye-context-propagation:jar:2.1.2:compile
[INFO] |  |  |  |     +- io.smallrye:smallrye-context-propagation-api:jar:2.1.2:compile
[INFO] |  |  |  |     \- io.smallrye:smallrye-context-propagation-storage:jar:2.1.2:compile
[INFO] |  |  |  \- io.smallrye.reactive:mutiny-smallrye-context-propagation:jar:2.6.2:compile
[INFO] |  |  +- io.smallrye.common:smallrye-common-vertx-context:jar:2.9.0:compile
[INFO] |  |  +- io.smallrye.reactive:smallrye-mutiny-vertx-web:jar:3.16.0:compile
[INFO] |  |  |  +- io.smallrye.reactive:smallrye-mutiny-vertx-web-common:jar:3.16.0:compile
[INFO] |  |  |  +- io.smallrye.reactive:smallrye-mutiny-vertx-auth-common:jar:3.16.0:compile
[INFO] |  |  |  +- io.smallrye.reactive:smallrye-mutiny-vertx-bridge-common:jar:3.16.0:compile
[INFO] |  |  |  \- io.smallrye.reactive:smallrye-mutiny-vertx-uri-template:jar:3.16.0:compile
[INFO] |  |  |     \- io.vertx:vertx-uri-template:jar:4.5.11:compile
[INFO] |  |  +- io.vertx:vertx-web:jar:4.5.11:compile
[INFO] |  |  |  +- io.vertx:vertx-web-common:jar:4.5.11:compile
[INFO] |  |  |  +- io.vertx:vertx-auth-common:jar:4.5.11:compile
[INFO] |  |  |  \- io.vertx:vertx-bridge-common:jar:4.5.11:compile
[INFO] |  |  +- io.github.crac:org-crac:jar:0.1.3:compile
[INFO] |  |  \- com.aayushatharva.brotli4j:brotli4j:jar:1.16.0:compile
[INFO] |  |     +- com.aayushatharva.brotli4j:service:jar:1.16.0:compile
[INFO] |  |     \- com.aayushatharva.brotli4j:native-osx-aarch64:jar:1.16.0:compile
[INFO] |  +- io.quarkus.vertx.utils:quarkus-vertx-utils:jar:3.17.7:compile
[INFO] |  \- io.quarkus:quarkus-resteasy-server-common:jar:3.17.7:compile
[INFO] |     +- io.quarkus:quarkus-resteasy-common:jar:3.17.7:compile
[INFO] |     |  +- org.eclipse.angus:angus-activation:jar:2.0.2:compile
[INFO] |     |  \- org.jboss.resteasy.microprofile:microprofile-config:jar:3.0.0.Final:compile
[INFO] |     |     \- jakarta.servlet:jakarta.servlet-api:jar:6.0.0:compile
[INFO] |     \- org.jboss.resteasy:resteasy-cdi:jar:6.2.11.Final:compile
[INFO] +- io.quarkus:quarkus-resteasy-jackson:jar:3.17.7:compile
[INFO] |  +- io.quarkus:quarkus-jackson:jar:3.17.7:compile
[INFO] |  |  +- com.fasterxml.jackson.datatype:jackson-datatype-jsr310:jar:2.18.2:compile
[INFO] |  |  +- com.fasterxml.jackson.datatype:jackson-datatype-jdk8:jar:2.18.2:compile
[INFO] |  |  \- com.fasterxml.jackson.module:jackson-module-parameter-names:jar:2.18.2:compile
[INFO] |  +- org.jboss.resteasy:resteasy-jackson2-provider:jar:6.2.11.Final:compile
[INFO] |  |  +- org.jboss.resteasy:resteasy-core-spi:jar:6.2.11.Final:compile
[INFO] |  |  |  \- org.reactivestreams:reactive-streams:jar:1.0.4:compile
[INFO] |  |  +- org.jboss.resteasy:resteasy-core:jar:6.2.11.Final:compile
[INFO] |  |  |  \- com.ibm.async:asyncutil:jar:0.1.0:compile
[INFO] |  |  +- com.fasterxml.jackson.jakarta.rs:jackson-jakarta-rs-base:jar:2.18.2:compile
[INFO] |  |  +- com.fasterxml.jackson.jakarta.rs:jackson-jakarta-rs-json-provider:jar:2.18.2:compile
[INFO] |  |  +- com.fasterxml.jackson.module:jackson-module-jakarta-xmlbind-annotations:jar:2.18.2:compile
[INFO] |  |  \- com.github.java-json-tools:json-patch:jar:1.13:compile
[INFO] |  |     \- com.github.java-json-tools:msg-simple:jar:1.2:compile
[INFO] |  |        \- com.github.java-json-tools:btf:jar:1.3:compile
[INFO] |  \- jakarta.xml.bind:jakarta.xml.bind-api:jar:4.0.2:compile
[INFO] |     \- jakarta.activation:jakarta.activation-api:jar:2.1.3:compile
[INFO] +- io.quarkus:quarkus-security:jar:3.17.7:compile
[INFO] |  +- io.quarkus:quarkus-security-runtime-spi:jar:3.17.7:compile
[INFO] |  +- jakarta.interceptor:jakarta.interceptor-api:jar:2.2.0:compile
[INFO] |  +- io.quarkus.security:quarkus-security:jar:2.2.0:compile
[INFO] |  \- jakarta.enterprise:jakarta.enterprise.cdi-api:jar:4.1.0:compile
[INFO] |     +- jakarta.enterprise:jakarta.enterprise.lang-model:jar:4.1.0:compile
[INFO] |     \- jakarta.el:jakarta.el-api:jar:5.0.1:compile
[INFO] +- io.quarkus:quarkus-smallrye-jwt-build:jar:3.17.7:compile
[INFO] |  +- io.smallrye:smallrye-jwt-build:jar:4.6.1:compile
[INFO] |  |  +- org.eclipse.microprofile.config:microprofile-config-api:jar:3.1:compile
[INFO] |  |  +- org.eclipse.microprofile.jwt:microprofile-jwt-auth-api:jar:2.1:compile
[INFO] |  |  +- org.bitbucket.b_c:jose4j:jar:0.9.6:compile
[INFO] |  |  \- io.smallrye:smallrye-jwt-common:jar:4.6.1:compile
[INFO] |  \- io.quarkus:quarkus-jsonp:jar:3.17.7:compile
[INFO] |     \- org.eclipse.parsson:parsson:jar:1.1.7:compile
[INFO] +- io.quarkus:quarkus-smallrye-jwt:jar:3.17.7:compile
[INFO] |  +- io.smallrye:smallrye-jwt:jar:4.6.1:compile
[INFO] |  \- jakarta.annotation:jakarta.annotation-api:jar:3.0.0:compile
[INFO] +- io.quarkus:quarkus-smallrye-openapi:jar:3.17.7:compile
[INFO] |  +- io.smallrye:smallrye-open-api-core:jar:4.0.6:compile
[INFO] |  |  +- org.eclipse.microprofile.openapi:microprofile-openapi-api:jar:4.0.2:compile
[INFO] |  |  +- io.smallrye:smallrye-open-api-model:jar:4.0.6:compile
[INFO] |  |  +- io.smallrye:jandex:jar:3.2.3:compile
[INFO] |  |  \- io.smallrye.common:smallrye-common-classloader:jar:2.9.0:compile
[INFO] |  \- io.quarkus:quarkus-swagger-ui:jar:3.17.7:compile
[INFO] +- com.end2endlogic:quantum-extension:jar:1.1.2:compile
[INFO] |  +- io.quarkus:quarkus-mongodb-client:jar:3.17.7:compile
[INFO] |  |  +- io.smallrye.reactive:mutiny-zero-flow-adapters:jar:1.1.0:compile
[INFO] |  |  +- io.quarkus:quarkus-mutiny-reactive-streams-operators:jar:3.17.7:compile
[INFO] |  |  |  +- org.eclipse.microprofile.reactive-streams-operators:microprofile-reactive-streams-operators-api:jar:3.0.1:compile
[INFO] |  |  |  +- org.eclipse.microprofile.reactive-streams-operators:microprofile-reactive-streams-operators-core:jar:3.0.1:compile
[INFO] |  |  |  \- io.smallrye.reactive:mutiny-reactive-streams-operators:jar:2.6.2:compile
[INFO] |  |  +- org.mongodb:mongodb-driver-reactivestreams:jar:5.2.1:compile
[INFO] |  |  |  \- io.projectreactor:reactor-core:jar:3.5.0:runtime
[INFO] |  |  \- org.mongodb:mongodb-crypt:jar:5.2.1:compile
[INFO] |  |     \- net.java.dev.jna:jna:jar:5.8.0:compile
[INFO] |  \- com.end2endlogic:morphia-core:jar:3.0.0:compile
[INFO] |     +- org.mongodb:mongodb-driver-legacy:jar:5.2.1:compile
[INFO] |     +- io.github.classgraph:classgraph:jar:4.8.179:compile
[INFO] |     +- net.bytebuddy:byte-buddy:jar:1.14.18:compile
[INFO] |     +- com.github.spotbugs:spotbugs-annotations:jar:4.8.6:compile
[INFO] |     +- org.semver4j:semver4j:jar:5.3.0:compile
[INFO] |     \- org.jsoup:jsoup:jar:1.18.1:compile
[INFO] +- io.quarkus:quarkus-qute:jar:3.17.7:compile
[INFO] |  \- io.quarkus.qute:qute-core:jar:3.17.7:compile
[INFO] +- com.end2endlogic:quantum-models:jar:1.2.1-SNAPSHOT:compile
[INFO] |  +- org.antlr:antlr4:jar:4.13.0:compile
[INFO] |  |  +- org.antlr:antlr-runtime:jar:3.5.3:compile
[INFO] |  |  +- org.antlr:ST4:jar:4.3.4:compile
[INFO] |  |  \- org.abego.treelayout:org.abego.treelayout.core:jar:1.0.3:compile
[INFO] |  \- org.antlr:antlr4-runtime:jar:4.13.0:compile
[INFO] +- com.github.jnr:jnr-unixsocket:jar:0.38.22:compile
[INFO] |  +- com.github.jnr:jnr-ffi:jar:2.2.16:compile
[INFO] |  |  +- com.github.jnr:jffi:jar:1.3.13:compile
[INFO] |  |  +- com.github.jnr:jffi:jar:native:1.3.13:runtime
[INFO] |  |  +- org.ow2.asm:asm:jar:9.7.1:compile
[INFO] |  |  +- org.ow2.asm:asm-commons:jar:9.7.1:compile
[INFO] |  |  +- org.ow2.asm:asm-analysis:jar:9.7.1:compile
[INFO] |  |  +- org.ow2.asm:asm-tree:jar:9.7.1:compile
[INFO] |  |  +- org.ow2.asm:asm-util:jar:9.7.1:compile
[INFO] |  |  +- com.github.jnr:jnr-a64asm:jar:1.0.0:compile
[INFO] |  |  \- com.github.jnr:jnr-x86asm:jar:1.0.2:compile
[INFO] |  +- com.github.jnr:jnr-constants:jar:0.10.4:compile
[INFO] |  +- com.github.jnr:jnr-enxio:jar:0.32.17:compile
[INFO] |  \- com.github.jnr:jnr-posix:jar:3.1.19:compile
[INFO] +- io.quarkus:quarkus-hibernate-validator:jar:3.17.7:compile
[INFO] |  +- org.hibernate.validator:hibernate-validator:jar:8.0.2.Final:compile
[INFO] |  |  \- com.fasterxml:classmate:jar:1.7.0:compile
[INFO] |  +- org.glassfish.expressly:expressly:jar:5.0.0:compile
[INFO] |  +- io.smallrye.config:smallrye-config-validator:jar:3.10.2:compile
[INFO] |  \- jakarta.ws.rs:jakarta.ws.rs-api:jar:3.1.0:compile
[INFO] +- io.quarkus:quarkus-scheduler:jar:3.17.7:compile
[INFO] |  +- io.quarkus:quarkus-scheduler-kotlin:jar:3.17.7:compile
[INFO] |  |  \- io.quarkus:quarkus-scheduler-common:jar:3.17.7:compile
[INFO] |  |     +- io.quarkus:quarkus-scheduler-api:jar:3.17.7:compile
[INFO] |  |     +- io.quarkus:quarkus-scheduler-spi:jar:3.17.7:compile
[INFO] |  |     +- io.opentelemetry.instrumentation:opentelemetry-instrumentation-api:jar:2.8.0:compile
[INFO] |  |     |  +- io.opentelemetry:opentelemetry-api:jar:1.42.1:compile
[INFO] |  |     |  |  \- io.opentelemetry:opentelemetry-context:jar:1.42.1:compile
[INFO] |  |     |  +- io.opentelemetry:opentelemetry-api-incubator:jar:1.42.1-alpha:runtime
[INFO] |  |     |  \- io.opentelemetry.semconv:opentelemetry-semconv:jar:1.27.0-alpha:runtime
[INFO] |  |     \- com.cronutils:cron-utils:jar:9.2.1:compile
[INFO] |  +- io.quarkus:quarkus-virtual-threads:jar:3.17.7:compile
[INFO] |  |  \- io.vertx:vertx-core:jar:4.5.11:compile
[INFO] |  |     +- io.netty:netty-common:jar:4.1.115.Final:compile
[INFO] |  |     +- io.netty:netty-buffer:jar:4.1.115.Final:compile
[INFO] |  |     +- io.netty:netty-transport:jar:4.1.115.Final:compile
[INFO] |  |     +- io.netty:netty-handler:jar:4.1.115.Final:compile
[INFO] |  |     |  \- io.netty:netty-transport-native-unix-common:jar:4.1.115.Final:compile
[INFO] |  |     +- io.netty:netty-handler-proxy:jar:4.1.115.Final:compile
[INFO] |  |     |  \- io.netty:netty-codec-socks:jar:4.1.115.Final:compile
[INFO] |  |     +- io.netty:netty-codec-http:jar:4.1.115.Final:compile
[INFO] |  |     +- io.netty:netty-codec-http2:jar:4.1.115.Final:compile
[INFO] |  |     +- io.netty:netty-resolver:jar:4.1.115.Final:compile
[INFO] |  |     \- io.netty:netty-resolver-dns:jar:4.1.115.Final:compile
[INFO] |  |        \- io.netty:netty-codec-dns:jar:4.1.115.Final:compile
[INFO] |  +- io.quarkus:quarkus-vertx:jar:3.17.7:compile
[INFO] |  |  +- io.quarkus:quarkus-netty:jar:3.17.7:compile
[INFO] |  |  |  \- io.netty:netty-codec:jar:4.1.115.Final:compile
[INFO] |  |  +- io.netty:netty-codec-haproxy:jar:4.1.115.Final:compile
[INFO] |  |  +- io.smallrye.common:smallrye-common-annotation:jar:2.9.0:compile
[INFO] |  |  +- io.quarkus:quarkus-vertx-latebound-mdc-provider:jar:3.17.7:compile
[INFO] |  |  +- io.smallrye.reactive:smallrye-mutiny-vertx-core:jar:3.16.0:compile
[INFO] |  |  |  +- io.smallrye.reactive:smallrye-mutiny-vertx-runtime:jar:3.16.0:compile
[INFO] |  |  |  \- io.smallrye.reactive:vertx-mutiny-generator:jar:3.16.0:compile
[INFO] |  |  |     \- io.vertx:vertx-codegen:jar:4.5.11:compile
[INFO] |  |  \- io.smallrye:smallrye-fault-tolerance-vertx:jar:6.6.3:compile
[INFO] |  \- org.jboss.slf4j:slf4j-jboss-logmanager:jar:2.0.0.Final:compile
[INFO] +- com.end2endlogic:quarkus-moneta:jar:2.1.0e:compile
[INFO] |  +- org.javamoney:moneta:pom:1.4.4:compile
[INFO] |  |  +- org.javamoney.moneta:moneta-convert:jar:1.4.4:compile
[INFO] |  |  +- org.javamoney.moneta:moneta-convert-imf:jar:1.4.4:compile
[INFO] |  |  |  \- com.squareup.okhttp3:okhttp:jar:4.12.0:compile
[INFO] |  |  |     +- com.squareup.okio:okio:jar:3.6.0:compile
[INFO] |  |  |     |  \- com.squareup.okio:okio-jvm:jar:3.6.0:compile
[INFO] |  |  |     |     \- org.jetbrains.kotlin:kotlin-stdlib-common:jar:2.0.21:compile
[INFO] |  |  |     \- org.jetbrains.kotlin:kotlin-stdlib-jdk8:jar:2.0.21:compile
[INFO] |  |  |        \- org.jetbrains.kotlin:kotlin-stdlib-jdk7:jar:2.0.21:compile
[INFO] |  |  \- org.javamoney.moneta:moneta-convert-ecb:jar:1.4.4:compile
[INFO] |  \- com.end2endlogic:jakarta-money:jar:0.0.1:compile
[INFO] +- com.end2endlogic:jakarta-transformer-extension:jar:0.0.1:compile
[INFO] +- io.github.jopenlibs:vault-java-driver:jar:6.2.0:compile
[INFO] +- org.graalvm.truffle:truffle-api:jar:24.1.0:compile
[INFO] |  +- org.graalvm.sdk:collections:jar:24.1.0:compile
[INFO] |  \- org.graalvm.sdk:nativeimage:jar:23.1.2:compile
[INFO] |     \- org.graalvm.sdk:word:jar:23.1.2:compile
[INFO] +- org.graalvm.truffle:truffle-dsl-processor:jar:24.1.0:provided
[INFO] +- org.graalvm.polyglot:polyglot:jar:24.1.0:compile
[INFO] +- org.graalvm.polyglot:js-community:pom:24.1.0:compile
[INFO] |  \- org.graalvm.js:js-community:pom:24.1.0:runtime
[INFO] |     +- org.graalvm.js:js-language:jar:24.1.0:runtime
[INFO] |     |  +- org.graalvm.regex:regex:jar:24.1.0:runtime
[INFO] |     |  \- org.graalvm.shadowed:icu4j:jar:24.1.0:runtime
[INFO] |     \- org.graalvm.truffle:truffle-runtime:jar:24.1.0:runtime
[INFO] |        +- org.graalvm.sdk:jniutils:jar:24.1.0:runtime
[INFO] |        \- org.graalvm.truffle:truffle-compiler:jar:24.1.0:runtime
[INFO] +- org.graalvm.polyglot:python:pom:24.1.0:compile
[INFO] |  \- org.graalvm.python:python:pom:24.1.0:runtime
[INFO] |     +- org.graalvm.python:python-community:pom:24.1.0:runtime
[INFO] |     |  +- org.graalvm.python:python-language:jar:24.1.0:runtime
[INFO] |     |  |  +- org.graalvm.tools:profiler-tool:jar:24.1.0:runtime
[INFO] |     |  |  |  \- org.graalvm.shadowed:json:jar:24.1.0:runtime
[INFO] |     |  |  +- org.graalvm.truffle:truffle-nfi:jar:24.1.0:runtime
[INFO] |     |  |  +- org.graalvm.truffle:truffle-nfi-libffi:jar:24.1.0:runtime
[INFO] |     |  |  +- org.graalvm.llvm:llvm-api:jar:24.1.0:runtime
[INFO] |     |  |  +- org.graalvm.shadowed:xz:jar:24.1.0:runtime
[INFO] |     |  |  +- org.bouncycastle:bcprov-jdk18on:jar:1.79:runtime
[INFO] |     |  |  +- org.bouncycastle:bcpkix-jdk18on:jar:1.79:runtime
[INFO] |     |  |  \- org.bouncycastle:bcutil-jdk18on:jar:1.79:runtime
[INFO] |     |  \- org.graalvm.python:python-resources:jar:24.1.0:runtime
[INFO] |     \- org.graalvm.truffle:truffle-enterprise:jar:24.1.0:runtime
[INFO] |        \- org.graalvm.sdk:nativebridge:jar:24.1.0:runtime
[INFO] +- at.favre.lib:bcrypt:jar:0.10.2:compile
[INFO] |  \- at.favre.lib:bytes:jar:1.5.0:compile
[INFO] +- com.coditory.sherlock:sherlock-mongo:jar:1.0.3:compile
[INFO] |  +- com.coditory.sherlock:sherlock-api:jar:1.0.3:compile
[INFO] |  |  +- com.coditory.sherlock:sherlock-api-common:jar:1.0.3:compile
[INFO] |  |  \- com.coditory.sherlock:sherlock-common:jar:1.0.3:compile
[INFO] |  +- org.mongodb:mongodb-driver-sync:jar:5.2.1:compile
[INFO] |  |  +- org.mongodb:bson:jar:5.2.1:compile
[INFO] |  |  \- org.mongodb:mongodb-driver-core:jar:5.2.1:compile
[INFO] |  |     \- org.mongodb:bson-record-codec:jar:5.2.1:runtime
[INFO] |  \- com.coditory.sherlock:sherlock-mongo-common:jar:1.0.3:runtime
[INFO] +- com.coditory.quark:quark-i18n:jar:0.0.14:compile
[INFO] |  +- org.slf4j:slf4j-api:jar:2.0.6:compile
[INFO] |  +- org.jetbrains.kotlin:kotlin-stdlib:jar:2.0.21:compile
[INFO] |  +- org.snakeyaml:snakeyaml-engine:jar:2.7:runtime
[INFO] |  +- com.google.code.gson:gson:jar:2.11.0:runtime
[INFO] |  \- com.ibm.icu:icu4j:jar:75.1:compile
[INFO] +- com.google.guava:guava:jar:32.1.2-jre:compile
[INFO] |  +- com.google.guava:failureaccess:jar:1.0.1:compile
[INFO] |  +- org.checkerframework:checker-qual:jar:3.48.2:compile
[INFO] |  +- com.google.errorprone:error_prone_annotations:jar:2.35.1:compile
[INFO] |  \- com.google.j2objc:j2objc-annotations:jar:2.8:compile
[INFO] +- io.quarkus:quarkus-container-image-docker:jar:3.17.7:compile
[INFO] |  \- io.quarkus:quarkus-container-image-docker-common:jar:3.17.7:compile
[INFO] |     \- io.quarkus:quarkus-container-image:jar:3.17.7:compile
[INFO] +- joda-time:joda-time:jar:2.12.5:compile
[INFO] +- com.fasterxml.jackson.module:jackson-module-jsonSchema-jakarta:jar:2.18.2:compile
[INFO] |  +- jakarta.validation:jakarta.validation-api:jar:3.0.2:compile
[INFO] |  +- com.fasterxml.jackson.core:jackson-annotations:jar:2.18.2:compile
[INFO] |  +- com.fasterxml.jackson.core:jackson-core:jar:2.18.2:compile
[INFO] |  \- com.fasterxml.jackson.core:jackson-databind:jar:2.18.2:compile
[INFO] +- com.fasterxml.jackson.dataformat:jackson-dataformat-yaml:jar:2.18.2:compile
[INFO] |  \- org.yaml:snakeyaml:jar:2.3:compile
[INFO] +- com.github.wnameless.json:json-flattener:jar:0.16.6:compile
[INFO] |  \- com.github.wnameless.json:json-base:jar:2.4.3:compile
[INFO] +- net.sf.supercsv:super-csv:jar:2.4.0:compile
[INFO] +- net.sf.supercsv:super-csv-dozer:jar:2.4.0:compile
[INFO] |  \- net.sf.dozer:dozer:jar:5.4.0:compile
[INFO] |     +- commons-beanutils:commons-beanutils:jar:1.8.3:compile
[INFO] |     \- org.slf4j:jcl-over-slf4j:jar:1.6.6:compile
[INFO] +- net.sf.supercsv:super-csv-java8:jar:2.4.0:compile
[INFO] +- org.apache.commons:commons-lang3:jar:3.12.0:compile
[INFO] +- com.github.java-json-tools:json-schema-validator:jar:2.2.14:compile
[INFO] |  +- com.github.java-json-tools:jackson-coreutils-equivalence:jar:1.0:compile
[INFO] |  |  \- com.github.java-json-tools:jackson-coreutils:jar:2.0:compile
[INFO] |  +- com.github.java-json-tools:json-schema-core:jar:1.2.14:compile
[INFO] |  |  +- com.github.java-json-tools:uri-template:jar:0.10:compile
[INFO] |  |  \- org.mozilla:rhino:jar:1.7.7.2:compile
[INFO] |  +- com.sun.mail:mailapi:jar:1.6.2:compile
[INFO] |  +- com.googlecode.libphonenumber:libphonenumber:jar:8.11.1:compile
[INFO] |  +- com.google.code.findbugs:jsr305:jar:3.0.2:compile
[INFO] |  \- net.sf.jopt-simple:jopt-simple:jar:5.0.4:compile
[INFO] +- org.zalando:jackson-datatype-money:jar:1.3.0:compile
[INFO] |  +- org.apiguardian:apiguardian-api:jar:1.1.2:compile
[INFO] |  +- javax.money:money-api:jar:1.1:compile
[INFO] |  \- org.javamoney.moneta:moneta-core:jar:1.4.2:compile
[INFO] |     \- javax.annotation:javax.annotation-api:jar:1.3.2:compile
[INFO] +- com.postmarkapp:postmark:jar:1.11.1:compile
[INFO] |  +- org.apache.httpcomponents.client5:httpclient5:jar:5.3:compile
[INFO] |  |  +- org.apache.httpcomponents.core5:httpcore5:jar:5.2.4:compile
[INFO] |  |  \- org.apache.httpcomponents.core5:httpcore5-h2:jar:5.2.4:compile
[INFO] |  \- org.apache.tika:tika-core:jar:2.7.0:compile
[INFO] |     \- commons-io:commons-io:jar:2.17.0:compile
[INFO] +- org.projectlombok:lombok:jar:1.18.34:provided
[INFO] +- org.jetbrains:annotations:jar:24.0.1:compile
[INFO] +- io.quarkus:quarkus-junit5:jar:3.17.7:test
[INFO] |  +- io.quarkus:quarkus-bootstrap-core:jar:3.17.7:test
[INFO] |  |  +- io.quarkus:quarkus-classloader-commons:jar:3.17.7:compile
[INFO] |  |  +- io.quarkus:quarkus-bootstrap-app-model:jar:3.17.7:test
[INFO] |  |  \- io.smallrye.common:smallrye-common-io:jar:2.9.0:compile
[INFO] |  +- org.eclipse.sisu:org.eclipse.sisu.inject:jar:0.9.0.M3:test
[INFO] |  +- io.quarkus:quarkus-test-common:jar:3.17.7:test
[INFO] |  |  +- io.quarkus:quarkus-core-deployment:jar:3.17.7:test
[INFO] |  |  |  +- org.aesh:readline:jar:2.6:test
[INFO] |  |  |  |  \- org.fusesource.jansi:jansi:jar:2.4.0:test
[INFO] |  |  |  +- org.aesh:aesh:jar:2.8.2:test
[INFO] |  |  |  +- io.quarkus.gizmo:gizmo:jar:1.8.0:test
[INFO] |  |  |  +- io.quarkus:quarkus-hibernate-validator-spi:jar:3.17.7:test
[INFO] |  |  |  +- io.quarkus:quarkus-class-change-agent:jar:3.17.7:test
[INFO] |  |  |  +- io.quarkus:quarkus-devtools-utilities:jar:3.17.7:test
[INFO] |  |  |  +- io.quarkus:quarkus-builder:jar:3.17.7:test
[INFO] |  |  |  \- org.junit.platform:junit-platform-launcher:jar:1.10.5:test
[INFO] |  |  +- io.quarkus:quarkus-bootstrap-maven-resolver:jar:3.17.7:test
[INFO] |  |  |  +- io.smallrye.beanbag:smallrye-beanbag-maven:jar:1.5.2:test
[INFO] |  |  |  |  +- io.smallrye.beanbag:smallrye-beanbag-sisu:jar:1.5.2:test
[INFO] |  |  |  |  |  \- io.smallrye.beanbag:smallrye-beanbag:jar:1.5.2:test
[INFO] |  |  |  |  +- javax.inject:javax.inject:jar:1:test
[INFO] |  |  |  |  +- org.apache.maven:maven-artifact:jar:3.9.9:test
[INFO] |  |  |  |  +- org.apache.maven:maven-builder-support:jar:3.9.9:test
[INFO] |  |  |  |  +- org.apache.maven:maven-model:jar:3.9.9:test
[INFO] |  |  |  |  +- org.apache.maven:maven-model-builder:jar:3.9.9:test
[INFO] |  |  |  |  +- org.apache.maven:maven-repository-metadata:jar:3.9.9:test
[INFO] |  |  |  |  +- org.apache.maven:maven-settings:jar:3.9.9:test
[INFO] |  |  |  |  +- org.apache.maven.resolver:maven-resolver-api:jar:1.9.22:test
[INFO] |  |  |  |  +- org.apache.maven.resolver:maven-resolver-impl:jar:1.9.22:test
[INFO] |  |  |  |  |  \- org.apache.maven.resolver:maven-resolver-named-locks:jar:1.9.22:test
[INFO] |  |  |  |  +- org.apache.maven.resolver:maven-resolver-spi:jar:1.9.22:test
[INFO] |  |  |  |  +- org.apache.maven.resolver:maven-resolver-util:jar:1.9.22:test
[INFO] |  |  |  |  +- org.apache.maven.resolver:maven-resolver-transport-http:jar:1.9.20:test
[INFO] |  |  |  |  +- org.apache.maven.wagon:wagon-provider-api:jar:3.5.3:test
[INFO] |  |  |  |  +- org.apache.maven.wagon:wagon-http-shared:jar:3.5.3:test
[INFO] |  |  |  |  +- org.codehaus.plexus:plexus-interpolation:jar:1.26:test
[INFO] |  |  |  |  +- org.codehaus.plexus:plexus-utils:jar:3.5.1:test
[INFO] |  |  |  |  +- org.codehaus.plexus:plexus-xml:jar:4.0.1:test
[INFO] |  |  |  |  |  \- org.apache.maven:maven-xml-impl:jar:4.0.0-alpha-5:test
[INFO] |  |  |  |  |     \- org.apache.maven:maven-api-xml:jar:4.0.0-alpha-5:test
[INFO] |  |  |  |  |        \- org.apache.maven:maven-api-meta:jar:4.0.0-alpha-5:test
[INFO] |  |  |  |  +- org.codehaus.plexus:plexus-cipher:jar:2.0:test
[INFO] |  |  |  |  \- org.codehaus.plexus:plexus-sec-dispatcher:jar:2.0:test
[INFO] |  |  |  +- org.apache.maven:maven-embedder:jar:3.9.9:test
[INFO] |  |  |  |  +- org.apache.maven:maven-core:jar:3.9.9:test
[INFO] |  |  |  |  |  \- org.codehaus.plexus:plexus-component-annotations:jar:2.1.0:test
[INFO] |  |  |  |  +- org.apache.maven:maven-plugin-api:jar:3.9.9:test
[INFO] |  |  |  |  +- org.apache.maven.shared:maven-shared-utils:jar:3.4.2:test
[INFO] |  |  |  |  +- com.google.inject:guice:jar:5.1.0:test
[INFO] |  |  |  |  |  \- aopalliance:aopalliance:jar:1.0:test
[INFO] |  |  |  |  +- org.codehaus.plexus:plexus-classworlds:jar:2.6.0:test
[INFO] |  |  |  |  \- commons-cli:commons-cli:jar:1.8.0:test
[INFO] |  |  |  +- org.eclipse.sisu:org.eclipse.sisu.plexus:jar:0.9.0.M3:test
[INFO] |  |  |  +- org.apache.maven:maven-settings-builder:jar:3.9.9:test
[INFO] |  |  |  +- org.apache.maven:maven-resolver-provider:jar:3.9.9:test
[INFO] |  |  |  +- org.apache.maven.resolver:maven-resolver-connector-basic:jar:1.9.22:test
[INFO] |  |  |  +- org.apache.maven.resolver:maven-resolver-transport-wagon:jar:1.9.22:test
[INFO] |  |  |  +- org.apache.maven.wagon:wagon-http:jar:3.5.3:test
[INFO] |  |  |  \- org.apache.maven.wagon:wagon-file:jar:3.5.3:test
[INFO] |  |  +- io.quarkus:quarkus-bootstrap-gradle-resolver:jar:3.17.7:test
[INFO] |  |  \- org.jboss.logging:commons-logging-jboss-logging:jar:1.0.0.Final:compile
[INFO] |  +- io.quarkus:quarkus-junit5-properties:jar:3.17.7:test
[INFO] |  +- org.junit.jupiter:junit-jupiter:jar:5.10.5:test
[INFO] |  |  +- org.junit.jupiter:junit-jupiter-api:jar:5.10.5:test
[INFO] |  |  |  +- org.opentest4j:opentest4j:jar:1.3.0:test
[INFO] |  |  |  \- org.junit.platform:junit-platform-commons:jar:1.10.5:test
[INFO] |  |  +- org.junit.jupiter:junit-jupiter-params:jar:5.10.5:test
[INFO] |  |  \- org.junit.jupiter:junit-jupiter-engine:jar:5.10.5:test
[INFO] |  |     \- org.junit.platform:junit-platform-engine:jar:1.10.5:test
[INFO] |  \- org.jboss.marshalling:jboss-marshalling:jar:2.2.1.Final:test
[INFO] +- io.rest-assured:rest-assured:jar:5.5.0:test
[INFO] |  +- org.apache.groovy:groovy:jar:4.0.22:test
[INFO] |  +- org.apache.groovy:groovy-xml:jar:4.0.22:test
[INFO] |  +- org.apache.httpcomponents:httpclient:jar:4.5.14:test
[INFO] |  |  +- org.apache.httpcomponents:httpcore:jar:4.4.16:test
[INFO] |  |  \- commons-codec:commons-codec:jar:1.17.2:test
[INFO] |  +- org.apache.httpcomponents:httpmime:jar:4.5.14:test
[INFO] |  +- org.hamcrest:hamcrest:jar:2.2:test
[INFO] |  +- org.ccil.cowan.tagsoup:tagsoup:jar:1.2.1:test
[INFO] |  +- io.rest-assured:json-path:jar:5.5.0:test
[INFO] |  |  +- org.apache.groovy:groovy-json:jar:4.0.22:test
[INFO] |  |  \- io.rest-assured:rest-assured-common:jar:5.5.0:test
[INFO] |  \- io.rest-assured:xml-path:jar:5.5.0:test
[INFO] +- org.osgi:org.osgi.annotation.bundle:jar:2.0.0:provided
[INFO] |  \- org.osgi:org.osgi.annotation.versioning:jar:1.1.2:provided
[INFO] +- org.apache.commons:commons-text:jar:1.10.0:compile
[INFO] \- io.quarkus:quarkus-rest:jar:3.17.7:compile
[INFO]    +- io.quarkus:quarkus-rest-common:jar:3.17.7:compile
[INFO]    |  \- io.quarkus.resteasy.reactive:resteasy-reactive-common:jar:3.17.7:compile
[INFO]    |     \- io.quarkus.resteasy.reactive:resteasy-reactive-common-types:jar:3.17.7:compile
[INFO]    \- io.quarkus.resteasy.reactive:resteasy-reactive-vertx:jar:3.17.7:compile
[INFO]       \- io.quarkus.resteasy.reactive:resteasy-reactive:jar:3.17.7:compile
[INFO] ------------------------------------------------------------------------
[INFO] Reactor Summary for com.end2endlogic:quantum-parent 1.2.1-SNAPSHOT:
[INFO] 
[INFO] com.end2endlogic:quantum-parent .................... SUCCESS [  0.361 s]
[INFO] com.end2endlogic:quantum-models .................... SUCCESS [  0.090 s]
[INFO] com.end2endlogic:quantum-framework ................. SUCCESS [  0.305 s]
[INFO] ------------------------------------------------------------------------
[INFO] BUILD SUCCESS
[INFO] ------------------------------------------------------------------------
[INFO] Total time:  1.376 s
[INFO] Finished at: 2025-05-07T21:55:10-04:00
[INFO] ------------------------------------------------------------------------
